<?xml version="1.0" encoding="UTF-8"?>
<!-- Generated by org.testng.reporters.JUnitReportReporter -->
<testsuite hostname="DESKTOP-PQRUJ4S" failures="0" tests="2" name="FrameWorkTest.MavenTest.AirForceTest" time="0.006" errors="0" timestamp="2024-11-05T09:49:31 IST" skipped="0">
  <testcase classname="FrameWorkTest.MavenTest.AirForceTest" name="helicopterCheck" time="0.000"/>
  <testcase classname="FrameWorkTest.MavenTest.AirForceTest" name="airplaneCheck" time="0.006"/>
</testsuite> <!-- FrameWorkTest.MavenTest.AirForceTest -->
