<?xml version="1.0" encoding="UTF-8"?>
<!-- Generated by org.testng.reporters.JUnitReportReporter -->
<testsuite hostname="DESKTOP-PQRUJ4S" failures="0" tests="1" name="FrameWorkTest.MavenTest.ReportTest" time="5.528" errors="0" timestamp="2024-11-07T10:06:13 IST" skipped="0">
  <testcase classname="FrameWorkTest.MavenTest.ReportTest" name="sampleTest" time="5.528"/>
  <system-out/>
</testsuite> <!-- FrameWorkTest.MavenTest.ReportTest -->
