<?xml version="1.0" encoding="UTF-8"?>
<!-- Generated by org.testng.reporters.JUnitReportReporter -->
<testsuite hostname="DESKTOP-PQRUJ4S" failures="0" tests="2" name="FrameWorkTest.MavenTest.NavyTest" time="0.001" errors="0" timestamp="2024-11-05T09:48:47 IST" skipped="0">
  <testcase classname="FrameWorkTest.MavenTest.NavyTest" name="submarineCheck" time="0.000"/>
  <testcase classname="FrameWorkTest.MavenTest.NavyTest" name="warshipsCheck" time="0.001"/>
</testsuite> <!-- FrameWorkTest.MavenTest.NavyTest -->
