<?xml version="1.0" encoding="UTF-8"?>
<!-- Generated by org.testng.reporters.JUnitReportReporter -->
<testsuite hostname="DESKTOP-PQRUJ4S" failures="0" tests="2" name="FrameWorkTest.MavenTest.ArmyTest" time="0.004" errors="0" timestamp="2024-11-05T09:51:57 IST" skipped="0">
  <testcase classname="FrameWorkTest.MavenTest.ArmyTest" name="deployCheck" time="0.004"/>
  <testcase classname="FrameWorkTest.MavenTest.ArmyTest" name="readinessCheck" time="0.000"/>
</testsuite> <!-- FrameWorkTest.MavenTest.ArmyTest -->
